This file contains any messages produced by compilers while
running configure, to aid debugging if configure makes a mistake.

It was created by P3DFFT configure 2.3.1, which was
generated by GNU Autoconf 2.59.  Invocation command line was

  $ ./configure 

## --------- ##
## Platform. ##
## --------- ##

hostname = login-4-0.local
uname -m = x86_64
uname -r = 2.6.18-128.1.10.el5
uname -s = Linux
uname -v = #1 SMP Thu May 7 10:35:59 EDT 2009

/usr/bin/uname -p = unknown
/bin/uname -X     = unknown

/bin/arch              = x86_64
/usr/bin/arch -k       = unknown
/usr/convex/getsysinfo = unknown
hostinfo               = unknown
/bin/machine           = unknown
/usr/bin/oslevel       = unknown
/bin/universe          = unknown

PATH: /opt/openmpi_pgimx/bin
PATH: /opt/pgi/linux86-64/8.0/bin
PATH: /usr/kerberos/bin
PATH: /usr/java/latest/bin
PATH: /usr/local/bin
PATH: /bin
PATH: /usr/bin
PATH: /opt/ganglia/bin
PATH: /opt/ganglia/sbin
PATH: /opt/gold/bin
PATH: /opt/gold/sbin
PATH: .
PATH: /opt/openmpi/bin/
PATH: /opt/torque/bin
PATH: opt/torque/sbin
PATH: /opt/moab/bin
PATH: /opt/moab/sbin
PATH: /opt/rocks/bin
PATH: /opt/rocks/sbin
PATH: /home/d4park/bin


## ----------- ##
## Core tests. ##
## ----------- ##

configure:1390: checking for a BSD-compatible install
configure:1445: result: /usr/bin/install -c
configure:1456: checking whether build environment is sane
configure:1499: result: yes
configure:1564: checking for gawk
configure:1580: found /bin/gawk
configure:1590: result: gawk
configure:1600: checking whether make sets $(MAKE)
configure:1620: result: yes
configure:1793: checking whether to enable single precision
configure:1802: result: no
configure:1810: checking whether to enable 1D decomposition
configure:1819: result: no
configure:1828: checking whether to use ESSL library
configure:1837: result: no
configure:1845: checking whether to enable estimation
configure:1854: result: no
configure:1862: checking whether to enable the emasure algorithm
configure:1871: result: no
configure:1879: checking whehter to enable the patient algorithm
configure:1888: result: no
configure:1896: checking whether to enable C convention for processor dimensions
configure:1905: result: no
configure:1913: checking whether to reverse processor dimensions
configure:1922: result: yes
configure:1930: checking whether to use MPI_Alltoall instead of MPI_Alltotallv
configure:1939: result: no
configure:1947: checking whether to enable stride-1 data structures
configure:1956: result: no
configure:1964: checking whether to use FFTW library
configure:1984: result: no
configure:1990: error: You must choose to use either ESSL or FFTW!

## ---------------- ##
## Cache variables. ##
## ---------------- ##

ac_cv_env_CC_set=
ac_cv_env_CC_value=
ac_cv_env_CFLAGS_set=
ac_cv_env_CFLAGS_value=
ac_cv_env_CPPFLAGS_set=
ac_cv_env_CPPFLAGS_value=
ac_cv_env_CPP_set=
ac_cv_env_CPP_value=
ac_cv_env_FCFLAGS_set=
ac_cv_env_FCFLAGS_value=
ac_cv_env_FC_set=
ac_cv_env_FC_value=
ac_cv_env_LDFLAGS_set=
ac_cv_env_LDFLAGS_value=
ac_cv_env_build_alias_set=
ac_cv_env_build_alias_value=
ac_cv_env_host_alias_set=
ac_cv_env_host_alias_value=
ac_cv_env_target_alias_set=
ac_cv_env_target_alias_value=
ac_cv_path_install='/usr/bin/install -c'
ac_cv_prog_AWK=gawk
ac_cv_prog_make_make_set=yes

## ----------------- ##
## Output variables. ##
## ----------------- ##

ACLOCAL='${SHELL} /home/d4park/svn/branches/p3dfft-config/missing --run aclocal-1.9'
AMTAR='${SHELL} /home/d4park/svn/branches/p3dfft-config/missing --run tar'
AUTOCONF='${SHELL} /home/d4park/svn/branches/p3dfft-config/missing --run autoconf'
AUTOHEADER='${SHELL} /home/d4park/svn/branches/p3dfft-config/missing --run autoheader'
AUTOMAKE='${SHELL} /home/d4park/svn/branches/p3dfft-config/missing --run automake-1.9'
AWK='gawk'
CC=''
CFLAGS=''
CPP=''
CPPFLAGS=''
CYGPATH_W='echo'
DEFS=''
DFLAGS=' -DREVERSE_DIMS'
ECHO_C=''
ECHO_N='-n'
ECHO_T=''
EGREP=''
EXEEXT=''
FC=''
FCFLAGS=''
FFTW3_INC=''
FFTW3_LIB=''
INSTALL_DATA='${INSTALL} -m 644'
INSTALL_PROGRAM='${INSTALL}'
INSTALL_SCRIPT='${INSTALL}'
INSTALL_STRIP_PROGRAM='${SHELL} $(install_sh) -c -s'
LDFLAGS=''
LIBOBJS=''
LIBS=''
LTLIBOBJS=''
MAKEINFO='${SHELL} /home/d4park/svn/branches/p3dfft-config/missing --run makeinfo'
OBJEXT=''
PACKAGE='p3dfft'
PACKAGE_BUGREPORT='dmitry@sdsc.edu'
PACKAGE_NAME='P3DFFT'
PACKAGE_STRING='P3DFFT 2.3.1'
PACKAGE_TARNAME='p3dfft'
PACKAGE_VERSION='2.3.1'
PATH_SEPARATOR=':'
RANLIB=''
SET_MAKE=''
SHELL='/bin/sh'
STRIP=''
TESTLIBS=''
VERSION='2.3.1'
ac_ct_CC=''
ac_ct_FC=''
ac_ct_RANLIB=''
ac_ct_STRIP=''
am__leading_dot='.'
am__tar='${AMTAR} chof - "$$tardir"'
am__untar='${AMTAR} xf -'
bindir='${exec_prefix}/bin'
build_alias=''
datadir='${prefix}/share'
exec_prefix='NONE'
host_alias=''
includedir='${prefix}/include'
infodir='${prefix}/info'
install_sh='/home/d4park/svn/branches/p3dfft-config/install-sh'
libdir='${exec_prefix}/lib'
libexecdir='${exec_prefix}/libexec'
localstatedir='${prefix}/var'
mandir='${prefix}/man'
mkdir_p='mkdir -p --'
oldincludedir='/usr/include'
prefix='NONE'
program_transform_name='s,x,x,'
sbindir='${exec_prefix}/sbin'
sharedstatedir='${prefix}/com'
sysconfdir='${prefix}/etc'
target_alias=''

## ----------- ##
## confdefs.h. ##
## ----------- ##

#define PACKAGE "p3dfft"
#define PACKAGE_BUGREPORT "dmitry@sdsc.edu"
#define PACKAGE_NAME "P3DFFT"
#define PACKAGE_STRING "P3DFFT 2.3.1"
#define PACKAGE_TARNAME "p3dfft"
#define PACKAGE_VERSION "2.3.1"
#define VERSION "2.3.1"

configure: exit 1
