This file contains any messages produced by compilers while
running configure, to aid debugging if configure makes a mistake.

It was created by P3DFFT configure 2.3.1, which was
generated by GNU Autoconf 2.59.  Invocation command line was

  $ ./configure --with-fftw=/opt/pgi/fftw_pgi FCFLAGS=-fastsse -tp barcelona-64 -Mextend -byteswapio CFLAGS=-fastsse -tp barcelona-64 -DPGI LDFLAGS=-lmpi_f90 -lmpi_f77 -pgf90libs -lmyriexpress

## --------- ##
## Platform. ##
## --------- ##

hostname = login-4-0.local
uname -m = x86_64
uname -r = 2.6.18-128.1.10.el5
uname -s = Linux
uname -v = #1 SMP Thu May 7 10:35:59 EDT 2009

/usr/bin/uname -p = unknown
/bin/uname -X     = unknown

/bin/arch              = x86_64
/usr/bin/arch -k       = unknown
/usr/convex/getsysinfo = unknown
hostinfo               = unknown
/bin/machine           = unknown
/usr/bin/oslevel       = unknown
/bin/universe          = unknown

PATH: /opt/openmpi_pgimx/bin
PATH: /opt/pgi/linux86-64/8.0/bin
PATH: /usr/kerberos/bin
PATH: /usr/java/latest/bin
PATH: /usr/local/bin
PATH: /bin
PATH: /usr/bin
PATH: /opt/ganglia/bin
PATH: /opt/ganglia/sbin
PATH: /opt/gold/bin
PATH: /opt/gold/sbin
PATH: .
PATH: /opt/openmpi/bin/
PATH: /opt/torque/bin
PATH: opt/torque/sbin
PATH: /opt/moab/bin
PATH: /opt/moab/sbin
PATH: /opt/rocks/bin
PATH: /opt/rocks/sbin
PATH: /home/d4park/bin


## ----------- ##
## Core tests. ##
## ----------- ##

configure:1390: checking for a BSD-compatible install
configure:1445: result: /usr/bin/install -c
configure:1456: checking whether build environment is sane
configure:1499: result: yes
configure:1564: checking for gawk
configure:1580: found /bin/gawk
configure:1590: result: gawk
configure:1600: checking whether make sets $(MAKE)
configure:1620: result: yes
configure:1793: checking whether to enable single precision
configure:1802: result: no
configure:1815: checking whether to enable 1D decomposition
configure:1824: result: no
configure:1837: checking whether to use ESSL library
configure:1846: result: no
configure:1859: checking whether to enable estimation
configure:1868: result: no
configure:1881: checking whether to enable the emasure algorithm
configure:1890: result: no
configure:1903: checking whehter to enable the patient algorithm
configure:1912: result: no
configure:1925: checking whether to enable C convention for processor dimensions
configure:1934: result: no
configure:1947: checking whether to reverse processor dimensions
configure:1956: result: yes
configure:1969: checking whether to use MPI_Alltoall instead of MPI_Alltotallv
configure:1978: result: no
configure:1991: checking whether to enable stride-1 data structures
configure:2000: result: no
configure:2013: checking whether to use FFTW library
configure:2024: result: yes
configure:2108: checking for mpif90
configure:2124: found /opt/openmpi_pgimx/bin/mpif90
configure:2134: result: mpif90
configure:2149: checking for Fortran compiler version
configure:2152: mpif90 --version </dev/null >&5
pgf90-Error-Unknown switch: --version
configure:2155: $? = 1
configure:2157: mpif90 -v </dev/null >&5
pgf90-Warning-No files to process
configure:2160: $? = 0
configure:2162: mpif90 -V </dev/null >&5

pgf90 8.0-6 64-bit target on x86-64 Linux -tp penryn-64 
Copyright 1989-2000, The Portland Group, Inc.  All Rights Reserved.
Copyright 2000-2009, STMicroelectronics, Inc.  All Rights Reserved.
configure:2165: $? = 0
configure:2179: checking for Fortran compiler default output file name
configure:2182: mpif90 -fastsse -tp barcelona-64 -Mextend -byteswapio -lmpi_f90 -lmpi_f77 -pgf90libs -lmyriexpress  conftest.f  >&5
configure:2185: $? = 0
configure:2231: result: a.out
configure:2236: checking whether the Fortran compiler works
configure:2242: ./a.out
configure:2245: $? = 0
configure:2262: result: yes
configure:2269: checking whether we are cross compiling
configure:2271: result: no
configure:2274: checking for suffix of executables
configure:2276: mpif90 -o conftest -fastsse -tp barcelona-64 -Mextend -byteswapio -lmpi_f90 -lmpi_f77 -pgf90libs -lmyriexpress  conftest.f  >&5
configure:2279: $? = 0
configure:2304: result: 
configure:2310: checking for suffix of object files
configure:2321: mpif90 -c -fastsse -tp barcelona-64 -Mextend -byteswapio  conftest.f >&5
configure:2324: $? = 0
configure:2346: result: o
configure:2354: checking whether we are using the GNU Fortran compiler
configure:2368: mpif90 -c -fastsse -tp barcelona-64 -Mextend -byteswapio  conftest.F >&5
PGF90-S-0034-Syntax error at or near end of line (conftest.F: 3)
  0 inform,   0 warnings,   1 severes, 0 fatal for main
configure:2374: $? = 2
configure: failed program was:
|       program main
| #ifndef __GNUC__
|        choke me
| #endif
| 
|       end
configure:2400: result: no
configure:2406: checking whether mpif90 accepts -g
configure:2418: mpif90 -c -g  conftest.f >&5
configure:2424: $? = 0
configure:2428: test -z 
			 || test ! -s conftest.err
configure:2431: $? = 0
configure:2434: test -s conftest.o
configure:2437: $? = 0
configure:2449: result: yes
configure:2477: checking for mpicc
configure:2493: found /opt/openmpi_pgimx/bin/mpicc
configure:2503: result: mpicc
configure:2555: checking for ranlib
configure:2571: found /usr/bin/ranlib
configure:2582: result: ranlib
configure:2607: checking for a BSD-compatible install
configure:2662: result: /usr/bin/install -c
configure:2673: checking whether make sets $(MAKE)
configure:2693: result: yes
configure:3022: checking for C compiler version
configure:3025: mpicc --version </dev/null >&5
pgcc-Error-Unknown switch: --version
configure:3028: $? = 1
configure:3030: mpicc -v </dev/null >&5
pgcc-Warning-No files to process
configure:3033: $? = 0
configure:3035: mpicc -V </dev/null >&5

pgcc 8.0-6 64-bit target on x86-64 Linux -tp penryn-64 
Copyright 1989-2000, The Portland Group, Inc.  All Rights Reserved.
Copyright 2000-2009, STMicroelectronics, Inc.  All Rights Reserved.
configure:3038: $? = 0
configure:3041: checking whether we are using the GNU C compiler
configure:3065: mpicc -c -fastsse -tp barcelona-64 -DPGI  conftest.c >&5
PGC-S-0040-Illegal use of symbol, choke (conftest.c: 18)
PGC-W-0156-Type not specified, 'int' assumed (conftest.c: 18)
PGC/x86-64 Linux 8.0-6: compilation completed with severe errors
configure:3071: $? = 2
configure: failed program was:
| /* confdefs.h.  */
| 
| #define PACKAGE_NAME "P3DFFT"
| #define PACKAGE_TARNAME "p3dfft"
| #define PACKAGE_VERSION "2.3.1"
| #define PACKAGE_STRING "P3DFFT 2.3.1"
| #define PACKAGE_BUGREPORT "dmitry@sdsc.edu"
| #define PACKAGE "p3dfft"
| #define VERSION "2.3.1"
| #define REVERSE 1
| #define FFTW 1
| /* end confdefs.h.  */
| 
| int
| main ()
| {
| #ifndef __GNUC__
|        choke me
| #endif
| 
|   ;
|   return 0;
| }
configure:3097: result: no
configure:3103: checking whether mpicc accepts -g
configure:3124: mpicc -c -g  conftest.c >&5
configure:3130: $? = 0
configure:3134: test -z 
			 || test ! -s conftest.err
configure:3137: $? = 0
configure:3140: test -s conftest.o
configure:3143: $? = 0
configure:3154: result: yes
configure:3171: checking for mpicc option to accept ANSI C
configure:3241: mpicc  -c -fastsse -tp barcelona-64 -DPGI  conftest.c >&5
configure:3247: $? = 0
configure:3251: test -z 
			 || test ! -s conftest.err
configure:3254: $? = 0
configure:3257: test -s conftest.o
configure:3260: $? = 0
configure:3278: result: none needed
configure:3296: mpicc -c -fastsse -tp barcelona-64 -DPGI  conftest.c >&5
PGC-S-0035-Syntax error: Recovery attempted by replacing identifier me by ';' (conftest.c: 2)
PGC-W-0156-Type not specified, 'int' assumed (conftest.c: 2)
PGC/x86-64 Linux 8.0-6: compilation completed with severe errors
configure:3302: $? = 2
configure: failed program was:
| #ifndef __cplusplus
|   choke me
| #endif
configure:3441: checking how to run the C preprocessor
configure:3476: mpicc -E  conftest.c
configure:3482: $? = 0
configure:3514: mpicc -E  conftest.c
PGC-F-0206-Can't find include file ac_nonexistent.h (conftest.c: 13)
PGC/x86-64 Linux 8.0-6: compilation aborted
configure:3520: $? = 2
configure: failed program was:
| /* confdefs.h.  */
| 
| #define PACKAGE_NAME "P3DFFT"
| #define PACKAGE_TARNAME "p3dfft"
| #define PACKAGE_VERSION "2.3.1"
| #define PACKAGE_STRING "P3DFFT 2.3.1"
| #define PACKAGE_BUGREPORT "dmitry@sdsc.edu"
| #define PACKAGE "p3dfft"
| #define VERSION "2.3.1"
| #define REVERSE 1
| #define FFTW 1
| /* end confdefs.h.  */
| #include <ac_nonexistent.h>
configure:3559: result: mpicc -E
configure:3583: mpicc -E  conftest.c
configure:3589: $? = 0
configure:3621: mpicc -E  conftest.c
PGC-F-0206-Can't find include file ac_nonexistent.h (conftest.c: 13)
PGC/x86-64 Linux 8.0-6: compilation aborted
configure:3627: $? = 2
configure: failed program was:
| /* confdefs.h.  */
| 
| #define PACKAGE_NAME "P3DFFT"
| #define PACKAGE_TARNAME "p3dfft"
| #define PACKAGE_VERSION "2.3.1"
| #define PACKAGE_STRING "P3DFFT 2.3.1"
| #define PACKAGE_BUGREPORT "dmitry@sdsc.edu"
| #define PACKAGE "p3dfft"
| #define VERSION "2.3.1"
| #define REVERSE 1
| #define FFTW 1
| /* end confdefs.h.  */
| #include <ac_nonexistent.h>
configure:3671: checking for egrep
configure:3681: result: grep -E
configure:3686: checking for ANSI C header files
configure:3711: mpicc -c -fastsse -tp barcelona-64 -DPGI  conftest.c >&5
configure:3717: $? = 0
configure:3721: test -z 
			 || test ! -s conftest.err
configure:3724: $? = 0
configure:3727: test -s conftest.o
configure:3730: $? = 0
configure:3819: mpicc -o conftest -fastsse -tp barcelona-64 -DPGI  -lmpi_f90 -lmpi_f77 -pgf90libs -lmyriexpress conftest.c  >&5
configure:3822: $? = 0
configure:3824: ./conftest
configure:3827: $? = 0
configure:3842: result: yes
configure:3866: checking for sys/types.h
configure:3882: mpicc -c -fastsse -tp barcelona-64 -DPGI  conftest.c >&5
configure:3888: $? = 0
configure:3892: test -z 
			 || test ! -s conftest.err
configure:3895: $? = 0
configure:3898: test -s conftest.o
configure:3901: $? = 0
configure:3912: result: yes
configure:3866: checking for sys/stat.h
configure:3882: mpicc -c -fastsse -tp barcelona-64 -DPGI  conftest.c >&5
configure:3888: $? = 0
configure:3892: test -z 
			 || test ! -s conftest.err
configure:3895: $? = 0
configure:3898: test -s conftest.o
configure:3901: $? = 0
configure:3912: result: yes
configure:3866: checking for stdlib.h
configure:3882: mpicc -c -fastsse -tp barcelona-64 -DPGI  conftest.c >&5
configure:3888: $? = 0
configure:3892: test -z 
			 || test ! -s conftest.err
configure:3895: $? = 0
configure:3898: test -s conftest.o
configure:3901: $? = 0
configure:3912: result: yes
configure:3866: checking for string.h
configure:3882: mpicc -c -fastsse -tp barcelona-64 -DPGI  conftest.c >&5
configure:3888: $? = 0
configure:3892: test -z 
			 || test ! -s conftest.err
configure:3895: $? = 0
configure:3898: test -s conftest.o
configure:3901: $? = 0
configure:3912: result: yes
configure:3866: checking for memory.h
configure:3882: mpicc -c -fastsse -tp barcelona-64 -DPGI  conftest.c >&5
configure:3888: $? = 0
configure:3892: test -z 
			 || test ! -s conftest.err
configure:3895: $? = 0
configure:3898: test -s conftest.o
configure:3901: $? = 0
configure:3912: result: yes
configure:3866: checking for strings.h
configure:3882: mpicc -c -fastsse -tp barcelona-64 -DPGI  conftest.c >&5
configure:3888: $? = 0
configure:3892: test -z 
			 || test ! -s conftest.err
configure:3895: $? = 0
configure:3898: test -s conftest.o
configure:3901: $? = 0
configure:3912: result: yes
configure:3866: checking for inttypes.h
configure:3882: mpicc -c -fastsse -tp barcelona-64 -DPGI  conftest.c >&5
configure:3888: $? = 0
configure:3892: test -z 
			 || test ! -s conftest.err
configure:3895: $? = 0
configure:3898: test -s conftest.o
configure:3901: $? = 0
configure:3912: result: yes
configure:3866: checking for stdint.h
configure:3882: mpicc -c -fastsse -tp barcelona-64 -DPGI  conftest.c >&5
configure:3888: $? = 0
configure:3892: test -z 
			 || test ! -s conftest.err
configure:3895: $? = 0
configure:3898: test -s conftest.o
configure:3901: $? = 0
configure:3912: result: yes
configure:3866: checking for unistd.h
configure:3882: mpicc -c -fastsse -tp barcelona-64 -DPGI  conftest.c >&5
configure:3888: $? = 0
configure:3892: test -z 
			 || test ! -s conftest.err
configure:3895: $? = 0
configure:3898: test -s conftest.o
configure:3901: $? = 0
configure:3912: result: yes
configure:3929: checking for stdlib.h
configure:3934: result: yes
configure:4083: checking for stdlib.h
configure:4088: result: yes
configure:4228: checking for GNU libc compatible malloc
configure:4257: mpicc -o conftest -fastsse -tp barcelona-64 -DPGI  -lmpi_f90 -lmpi_f77 -pgf90libs -lmyriexpress conftest.c  >&5
configure:4260: $? = 0
configure:4262: ./conftest
configure:4265: $? = 0
configure:4279: result: yes
configure:4410: creating ./config.status

## ---------------------- ##
## Running config.status. ##
## ---------------------- ##

This file was extended by P3DFFT config.status 2.3.1, which was
generated by GNU Autoconf 2.59.  Invocation command line was

  CONFIG_FILES    = 
  CONFIG_HEADERS  = 
  CONFIG_LINKS    = 
  CONFIG_COMMANDS = 
  $ ./config.status 

on login-4-0.local

config.status:681: creating Makefile
config.status:681: creating build/Makefile
config.status:681: creating sample/Makefile
config.status:681: creating sample/C/Makefile
config.status:681: creating sample/FORTRAN/Makefile
config.status:785: creating config.h

## ---------------- ##
## Cache variables. ##
## ---------------- ##

ac_cv_c_compiler_gnu=no
ac_cv_env_CC_set=
ac_cv_env_CC_value=
ac_cv_env_CFLAGS_set=set
ac_cv_env_CFLAGS_value='-fastsse -tp barcelona-64 -DPGI'
ac_cv_env_CPPFLAGS_set=
ac_cv_env_CPPFLAGS_value=
ac_cv_env_CPP_set=
ac_cv_env_CPP_value=
ac_cv_env_FCFLAGS_set=set
ac_cv_env_FCFLAGS_value='-fastsse -tp barcelona-64 -Mextend -byteswapio'
ac_cv_env_FC_set=
ac_cv_env_FC_value=
ac_cv_env_LDFLAGS_set=set
ac_cv_env_LDFLAGS_value='-lmpi_f90 -lmpi_f77 -pgf90libs -lmyriexpress'
ac_cv_env_build_alias_set=
ac_cv_env_build_alias_value=
ac_cv_env_host_alias_set=
ac_cv_env_host_alias_value=
ac_cv_env_target_alias_set=
ac_cv_env_target_alias_value=
ac_cv_exeext=
ac_cv_fc_compiler_gnu=no
ac_cv_func_malloc_0_nonnull=yes
ac_cv_header_inttypes_h=yes
ac_cv_header_memory_h=yes
ac_cv_header_stdc=yes
ac_cv_header_stdint_h=yes
ac_cv_header_stdlib_h=yes
ac_cv_header_string_h=yes
ac_cv_header_strings_h=yes
ac_cv_header_sys_stat_h=yes
ac_cv_header_sys_types_h=yes
ac_cv_header_unistd_h=yes
ac_cv_objext=o
ac_cv_path_install='/usr/bin/install -c'
ac_cv_prog_AWK=gawk
ac_cv_prog_CC=mpicc
ac_cv_prog_CPP='mpicc -E'
ac_cv_prog_ac_ct_FC=mpif90
ac_cv_prog_ac_ct_RANLIB=ranlib
ac_cv_prog_cc_g=yes
ac_cv_prog_cc_stdc=
ac_cv_prog_egrep='grep -E'
ac_cv_prog_fc_g=yes
ac_cv_prog_make_make_set=yes

## ----------------- ##
## Output variables. ##
## ----------------- ##

ACLOCAL='${SHELL} /home/d4park/svn/branches/p3dfft-config/missing --run aclocal-1.9'
AMTAR='${SHELL} /home/d4park/svn/branches/p3dfft-config/missing --run tar'
AUTOCONF='${SHELL} /home/d4park/svn/branches/p3dfft-config/missing --run autoconf'
AUTOHEADER='${SHELL} /home/d4park/svn/branches/p3dfft-config/missing --run autoheader'
AUTOMAKE='${SHELL} /home/d4park/svn/branches/p3dfft-config/missing --run automake-1.9'
AWK='gawk'
CC='mpicc'
CFLAGS='-fastsse -tp barcelona-64 -DPGI'
CPP='mpicc -E'
CPPFLAGS=''
CYGPATH_W='echo'
DEFS='-DHAVE_CONFIG_H'
DFLAGS=' -DREVERSE_DIMS -DFFTW'
ECHO_C=''
ECHO_N='-n'
ECHO_T=''
EGREP='grep -E'
EXEEXT=''
FC='mpif90'
FCFLAGS='-fastsse -tp barcelona-64 -Mextend -byteswapio'
FFTW3_INC='/opt/pgi/fftw_pgi/include'
FFTW3_LIB='/opt/pgi/fftw_pgi/lib'
INSTALL_DATA='${INSTALL} -m 644'
INSTALL_PROGRAM='${INSTALL}'
INSTALL_SCRIPT='${INSTALL}'
INSTALL_STRIP_PROGRAM='${SHELL} $(install_sh) -c -s'
LDFLAGS='-lmpi_f90 -lmpi_f77 -pgf90libs -lmyriexpress'
LIBOBJS=''
LIBS=''
LTLIBOBJS=''
MAKEINFO='${SHELL} /home/d4park/svn/branches/p3dfft-config/missing --run makeinfo'
OBJEXT='o'
PACKAGE='p3dfft'
PACKAGE_BUGREPORT='dmitry@sdsc.edu'
PACKAGE_NAME='P3DFFT'
PACKAGE_STRING='P3DFFT 2.3.1'
PACKAGE_TARNAME='p3dfft'
PACKAGE_VERSION='2.3.1'
PATH_SEPARATOR=':'
RANLIB='ranlib'
SET_MAKE=''
SHELL='/bin/sh'
STRIP=''
TESTLIBS=''
VERSION='2.3.1'
ac_ct_CC=''
ac_ct_FC='mpif90'
ac_ct_RANLIB='ranlib'
ac_ct_STRIP=''
am__leading_dot='.'
am__tar='${AMTAR} chof - "$$tardir"'
am__untar='${AMTAR} xf -'
bindir='${exec_prefix}/bin'
build_alias=''
datadir='${prefix}/share'
exec_prefix='${prefix}'
host_alias=''
includedir='${prefix}/include'
infodir='${prefix}/info'
install_sh='/home/d4park/svn/branches/p3dfft-config/install-sh'
libdir='${exec_prefix}/lib'
libexecdir='${exec_prefix}/libexec'
localstatedir='${prefix}/var'
mandir='${prefix}/man'
mkdir_p='mkdir -p --'
oldincludedir='/usr/include'
prefix='/usr/local'
program_transform_name='s,x,x,'
sbindir='${exec_prefix}/sbin'
sharedstatedir='${prefix}/com'
sysconfdir='${prefix}/etc'
target_alias=''

## ----------- ##
## confdefs.h. ##
## ----------- ##

#define FFTW 1
#define HAVE_INTTYPES_H 1
#define HAVE_MALLOC 1
#define HAVE_MEMORY_H 1
#define HAVE_STDINT_H 1
#define HAVE_STDLIB_H 1
#define HAVE_STDLIB_H 1
#define HAVE_STDLIB_H 1
#define HAVE_STRINGS_H 1
#define HAVE_STRING_H 1
#define HAVE_SYS_STAT_H 1
#define HAVE_SYS_TYPES_H 1
#define HAVE_UNISTD_H 1
#define PACKAGE "p3dfft"
#define PACKAGE_BUGREPORT "dmitry@sdsc.edu"
#define PACKAGE_NAME "P3DFFT"
#define PACKAGE_STRING "P3DFFT 2.3.1"
#define PACKAGE_TARNAME "p3dfft"
#define PACKAGE_VERSION "2.3.1"
#define REVERSE 1
#define STDC_HEADERS 1
#define VERSION "2.3.1"

configure: exit 0
