This file contains any messages produced by compilers while
running configure, to aid debugging if configure makes a mistake.

It was created by P3DFFT configure 2.3.1, which was
generated by GNU Autoconf 2.59.  Invocation command line was

  $ ./configure --with-fftw=/home/djchen/build/fftw/ FCFLAGS=-fastsse -tp barcelona-64 -Mextend -byteswapio CFLAGS=-fastsse -tp barcelona-64 -DPGI LDFLAGS=-lmpi_f90 -lmpi_f77 -pgf90libs -lmyriexpress --enable-single

## --------- ##
## Platform. ##
## --------- ##

hostname = login-4-0.local
uname -m = x86_64
uname -r = 2.6.18-164.15.1.el5
uname -s = Linux
uname -v = #1 SMP Wed Mar 17 11:30:06 EDT 2010

/usr/bin/uname -p = unknown
/bin/uname -X     = unknown

/bin/arch              = x86_64
/usr/bin/arch -k       = unknown
/usr/convex/getsysinfo = unknown
hostinfo               = unknown
/bin/machine           = unknown
/usr/bin/oslevel       = unknown
/bin/universe          = unknown

PATH: /opt/fftw/3.2.1/pgi/bin
PATH: /opt/openmpi/pgi/mx/bin
PATH: /opt/pgi/linux86-64/10.5/bin
PATH: /usr/kerberos/bin
PATH: /usr/java/latest/bin
PATH: /usr/local/bin
PATH: /bin
PATH: /usr/bin
PATH: /opt/ganglia/bin
PATH: /opt/ganglia/sbin
PATH: /opt/gold/bin
PATH: /opt/gold/sbin
PATH: .
PATH: /opt/openmpi/bin/
PATH: /opt/torque/bin
PATH: opt/torque/sbin
PATH: /opt/moab/bin
PATH: /opt/moab/sbin
PATH: /opt/rocks/bin
PATH: /opt/rocks/sbin
PATH: /opt/sun-ct/bin
PATH: /home/djchen/bin


## ----------- ##
## Core tests. ##
## ----------- ##

configure:1394: checking for a BSD-compatible install
configure:1449: result: /usr/bin/install -c
configure:1460: checking whether build environment is sane
configure:1503: result: yes
configure:1568: checking for gawk
configure:1584: found /bin/gawk
configure:1594: result: gawk
configure:1604: checking whether make sets $(MAKE)
configure:1624: result: yes
configure:1798: checking whether to use IBM compiler
configure:1807: result: no
configure:1820: checking whether to use PGI compiler
configure:1829: result: no
configure:1842: checking whether to use GCC compiler
configure:1851: result: no
configure:1864: checking whether to enable single precision
configure:1873: result: yes
configure:1886: checking whether to enable 1D decomposition
configure:1895: result: no
configure:1908: checking whether to enable estimation
configure:1917: result: yes
configure:1930: checking whether to enable the measure algorithm
configure:1939: result: no
configure:1952: checking whehter to enable the patient algorithm
configure:1961: result: no
configure:1974: checking whether to enable C convention for processor dimensions
configure:1983: result: no
configure:2005: checking whether to use MPI_Alltoall instead of MPI_Alltotallv
configure:2014: result: no
configure:2027: checking whether to enable stride-1 data structures
configure:2036: result: no
configure:2049: checking whether to override default value of NBL_X
configure:2069: result: no
configure:2074: checking whether to override the default value of NBL_Y
configure:2094: result: no
configure:2099: checking whether to use FFTW library
configure:2108: result: yes
configure:2121: checking whether to use ESSL library
configure:2130: result: no
configure:2238: checking for mpif90
configure:2254: found /opt/openmpi/pgi/mx/bin/mpif90
configure:2264: result: mpif90
configure:2279: checking for Fortran compiler version
configure:2282: mpif90 --version </dev/null >&5
pgf90-Error-Unknown switch: --version
configure:2285: $? = 1
configure:2287: mpif90 -v </dev/null >&5
pgf90-Warning-No files to process
configure:2290: $? = 0
configure:2292: mpif90 -V </dev/null >&5

pgf90 10.5-0 64-bit target on x86-64 Linux -tp nehalem-64 
Copyright 1989-2000, The Portland Group, Inc.  All Rights Reserved.
Copyright 2000-2010, STMicroelectronics, Inc.  All Rights Reserved.
configure:2295: $? = 0
configure:2309: checking for Fortran compiler default output file name
configure:2312: mpif90 -fastsse -tp barcelona-64 -Mextend -byteswapio -lmpi_f90 -lmpi_f77 -pgf90libs -lmyriexpress  conftest.f  >&5
configure:2315: $? = 0
configure:2361: result: a.out
configure:2366: checking whether the Fortran compiler works
configure:2372: ./a.out
configure:2375: $? = 0
configure:2392: result: yes
configure:2399: checking whether we are cross compiling
configure:2401: result: no
configure:2404: checking for suffix of executables
configure:2406: mpif90 -o conftest -fastsse -tp barcelona-64 -Mextend -byteswapio -lmpi_f90 -lmpi_f77 -pgf90libs -lmyriexpress  conftest.f  >&5
configure:2409: $? = 0
configure:2434: result: 
configure:2440: checking for suffix of object files
configure:2451: mpif90 -c -fastsse -tp barcelona-64 -Mextend -byteswapio  conftest.f >&5
configure:2454: $? = 0
configure:2476: result: o
configure:2484: checking whether we are using the GNU Fortran compiler
configure:2498: mpif90 -c -fastsse -tp barcelona-64 -Mextend -byteswapio  conftest.F >&5
PGF90-S-0034-Syntax error at or near end of line (conftest.F: 3)
  0 inform,   0 warnings,   1 severes, 0 fatal for main
configure:2504: $? = 2
configure: failed program was:
|       program main
| #ifndef __GNUC__
|        choke me
| #endif
| 
|       end
configure:2530: result: no
configure:2536: checking whether mpif90 accepts -g
configure:2548: mpif90 -c -g  conftest.f >&5
configure:2554: $? = 0
configure:2558: test -z 
			 || test ! -s conftest.err
configure:2561: $? = 0
configure:2564: test -s conftest.o
configure:2567: $? = 0
configure:2579: result: yes
configure:2607: checking for mpicc
configure:2623: found /opt/openmpi/pgi/mx/bin/mpicc
configure:2633: result: mpicc
configure:2685: checking for ranlib
configure:2701: found /usr/bin/ranlib
configure:2712: result: ranlib
configure:2737: checking for a BSD-compatible install
configure:2792: result: /usr/bin/install -c
configure:2803: checking whether make sets $(MAKE)
configure:2823: result: yes
configure:3152: checking for C compiler version
configure:3155: mpicc --version </dev/null >&5
pgcc-Error-Unknown switch: --version
configure:3158: $? = 1
configure:3160: mpicc -v </dev/null >&5
pgcc-Warning-No files to process
configure:3163: $? = 0
configure:3165: mpicc -V </dev/null >&5

pgcc 10.5-0 64-bit target on x86-64 Linux -tp nehalem-64 
Copyright 1989-2000, The Portland Group, Inc.  All Rights Reserved.
Copyright 2000-2010, STMicroelectronics, Inc.  All Rights Reserved.
configure:3168: $? = 0
configure:3171: checking whether we are using the GNU C compiler
configure:3195: mpicc -c -fastsse -tp barcelona-64 -DPGI  conftest.c >&5
PGC-S-0040-Illegal use of symbol, choke (conftest.c: 19)
PGC-W-0156-Type not specified, 'int' assumed (conftest.c: 19)
PGC/x86-64 Linux 10.5-0: compilation completed with severe errors
configure:3201: $? = 2
configure: failed program was:
| /* confdefs.h.  */
| 
| #define PACKAGE_NAME "P3DFFT"
| #define PACKAGE_TARNAME "p3dfft"
| #define PACKAGE_VERSION "2.3.1"
| #define PACKAGE_STRING "P3DFFT 2.3.1"
| #define PACKAGE_BUGREPORT "dmitry@sdsc.edu"
| #define PACKAGE "p3dfft"
| #define VERSION "2.3.1"
| #define SINGLE_PREC 1
| #define ESTIMATE 1
| #define FFTW 1
| /* end confdefs.h.  */
| 
| int
| main ()
| {
| #ifndef __GNUC__
|        choke me
| #endif
| 
|   ;
|   return 0;
| }
configure:3227: result: no
configure:3233: checking whether mpicc accepts -g
configure:3254: mpicc -c -g  conftest.c >&5
configure:3260: $? = 0
configure:3264: test -z 
			 || test ! -s conftest.err
configure:3267: $? = 0
configure:3270: test -s conftest.o
configure:3273: $? = 0
configure:3284: result: yes
configure:3301: checking for mpicc option to accept ANSI C
configure:3371: mpicc  -c -fastsse -tp barcelona-64 -DPGI  conftest.c >&5
configure:3377: $? = 0
configure:3381: test -z 
			 || test ! -s conftest.err
configure:3384: $? = 0
configure:3387: test -s conftest.o
configure:3390: $? = 0
configure:3408: result: none needed
configure:3426: mpicc -c -fastsse -tp barcelona-64 -DPGI  conftest.c >&5
PGC-S-0035-Syntax error: Recovery attempted by replacing identifier me by ';' (conftest.c: 2)
PGC-W-0156-Type not specified, 'int' assumed (conftest.c: 2)
PGC/x86-64 Linux 10.5-0: compilation completed with severe errors
configure:3432: $? = 2
configure: failed program was:
| #ifndef __cplusplus
|   choke me
| #endif
configure:3571: checking how to run the C preprocessor
configure:3606: mpicc -E  conftest.c
configure:3612: $? = 0
configure:3644: mpicc -E  conftest.c
PGC-F-0206-Can't find include file ac_nonexistent.h (conftest.c: 14)
PGC/x86-64 Linux 10.5-0: compilation aborted
configure:3650: $? = 2
configure: failed program was:
| /* confdefs.h.  */
| 
| #define PACKAGE_NAME "P3DFFT"
| #define PACKAGE_TARNAME "p3dfft"
| #define PACKAGE_VERSION "2.3.1"
| #define PACKAGE_STRING "P3DFFT 2.3.1"
| #define PACKAGE_BUGREPORT "dmitry@sdsc.edu"
| #define PACKAGE "p3dfft"
| #define VERSION "2.3.1"
| #define SINGLE_PREC 1
| #define ESTIMATE 1
| #define FFTW 1
| /* end confdefs.h.  */
| #include <ac_nonexistent.h>
configure:3689: result: mpicc -E
configure:3713: mpicc -E  conftest.c
configure:3719: $? = 0
configure:3751: mpicc -E  conftest.c
PGC-F-0206-Can't find include file ac_nonexistent.h (conftest.c: 14)
PGC/x86-64 Linux 10.5-0: compilation aborted
configure:3757: $? = 2
configure: failed program was:
| /* confdefs.h.  */
| 
| #define PACKAGE_NAME "P3DFFT"
| #define PACKAGE_TARNAME "p3dfft"
| #define PACKAGE_VERSION "2.3.1"
| #define PACKAGE_STRING "P3DFFT 2.3.1"
| #define PACKAGE_BUGREPORT "dmitry@sdsc.edu"
| #define PACKAGE "p3dfft"
| #define VERSION "2.3.1"
| #define SINGLE_PREC 1
| #define ESTIMATE 1
| #define FFTW 1
| /* end confdefs.h.  */
| #include <ac_nonexistent.h>
configure:3801: checking for egrep
configure:3811: result: grep -E
configure:3816: checking for ANSI C header files
configure:3841: mpicc -c -fastsse -tp barcelona-64 -DPGI  conftest.c >&5
configure:3847: $? = 0
configure:3851: test -z 
			 || test ! -s conftest.err
configure:3854: $? = 0
configure:3857: test -s conftest.o
configure:3860: $? = 0
configure:3949: mpicc -o conftest -fastsse -tp barcelona-64 -DPGI  -lmpi_f90 -lmpi_f77 -pgf90libs -lmyriexpress conftest.c  >&5
configure:3952: $? = 0
configure:3954: ./conftest
configure:3957: $? = 0
configure:3972: result: yes
configure:3996: checking for sys/types.h
configure:4012: mpicc -c -fastsse -tp barcelona-64 -DPGI  conftest.c >&5
configure:4018: $? = 0
configure:4022: test -z 
			 || test ! -s conftest.err
configure:4025: $? = 0
configure:4028: test -s conftest.o
configure:4031: $? = 0
configure:4042: result: yes
configure:3996: checking for sys/stat.h
configure:4012: mpicc -c -fastsse -tp barcelona-64 -DPGI  conftest.c >&5
configure:4018: $? = 0
configure:4022: test -z 
			 || test ! -s conftest.err
configure:4025: $? = 0
configure:4028: test -s conftest.o
configure:4031: $? = 0
configure:4042: result: yes
configure:3996: checking for stdlib.h
configure:4012: mpicc -c -fastsse -tp barcelona-64 -DPGI  conftest.c >&5
configure:4018: $? = 0
configure:4022: test -z 
			 || test ! -s conftest.err
configure:4025: $? = 0
configure:4028: test -s conftest.o
configure:4031: $? = 0
configure:4042: result: yes
configure:3996: checking for string.h
configure:4012: mpicc -c -fastsse -tp barcelona-64 -DPGI  conftest.c >&5
configure:4018: $? = 0
configure:4022: test -z 
			 || test ! -s conftest.err
configure:4025: $? = 0
configure:4028: test -s conftest.o
configure:4031: $? = 0
configure:4042: result: yes
configure:3996: checking for memory.h
configure:4012: mpicc -c -fastsse -tp barcelona-64 -DPGI  conftest.c >&5
configure:4018: $? = 0
configure:4022: test -z 
			 || test ! -s conftest.err
configure:4025: $? = 0
configure:4028: test -s conftest.o
configure:4031: $? = 0
configure:4042: result: yes
configure:3996: checking for strings.h
configure:4012: mpicc -c -fastsse -tp barcelona-64 -DPGI  conftest.c >&5
configure:4018: $? = 0
configure:4022: test -z 
			 || test ! -s conftest.err
configure:4025: $? = 0
configure:4028: test -s conftest.o
configure:4031: $? = 0
configure:4042: result: yes
configure:3996: checking for inttypes.h
configure:4012: mpicc -c -fastsse -tp barcelona-64 -DPGI  conftest.c >&5
configure:4018: $? = 0
configure:4022: test -z 
			 || test ! -s conftest.err
configure:4025: $? = 0
configure:4028: test -s conftest.o
configure:4031: $? = 0
configure:4042: result: yes
configure:3996: checking for stdint.h
configure:4012: mpicc -c -fastsse -tp barcelona-64 -DPGI  conftest.c >&5
configure:4018: $? = 0
configure:4022: test -z 
			 || test ! -s conftest.err
configure:4025: $? = 0
configure:4028: test -s conftest.o
configure:4031: $? = 0
configure:4042: result: yes
configure:3996: checking for unistd.h
configure:4012: mpicc -c -fastsse -tp barcelona-64 -DPGI  conftest.c >&5
configure:4018: $? = 0
configure:4022: test -z 
			 || test ! -s conftest.err
configure:4025: $? = 0
configure:4028: test -s conftest.o
configure:4031: $? = 0
configure:4042: result: yes
configure:4059: checking for stdlib.h
configure:4064: result: yes
configure:4213: checking for stdlib.h
configure:4218: result: yes
configure:4358: checking for GNU libc compatible malloc
configure:4387: mpicc -o conftest -fastsse -tp barcelona-64 -DPGI  -lmpi_f90 -lmpi_f77 -pgf90libs -lmyriexpress conftest.c  >&5
configure:4390: $? = 0
configure:4392: ./conftest
configure:4395: $? = 0
configure:4409: result: yes
configure:4540: creating ./config.status

## ---------------------- ##
## Running config.status. ##
## ---------------------- ##

This file was extended by P3DFFT config.status 2.3.1, which was
generated by GNU Autoconf 2.59.  Invocation command line was

  CONFIG_FILES    = 
  CONFIG_HEADERS  = 
  CONFIG_LINKS    = 
  CONFIG_COMMANDS = 
  $ ./config.status 

on login-4-0.local

config.status:683: creating Makefile
config.status:683: creating build/Makefile
config.status:683: creating sample/Makefile
config.status:683: creating sample/C/Makefile
config.status:683: creating sample/FORTRAN/Makefile
config.status:787: creating config.h
configure:5617: "Configure script complete!"

## ---------------- ##
## Cache variables. ##
## ---------------- ##

ac_cv_c_compiler_gnu=no
ac_cv_env_CC_set=
ac_cv_env_CC_value=
ac_cv_env_CFLAGS_set=set
ac_cv_env_CFLAGS_value='-fastsse -tp barcelona-64 -DPGI'
ac_cv_env_CPPFLAGS_set=
ac_cv_env_CPPFLAGS_value=
ac_cv_env_CPP_set=
ac_cv_env_CPP_value=
ac_cv_env_FCFLAGS_set=set
ac_cv_env_FCFLAGS_value='-fastsse -tp barcelona-64 -Mextend -byteswapio'
ac_cv_env_FC_set=
ac_cv_env_FC_value=
ac_cv_env_LDFLAGS_set=set
ac_cv_env_LDFLAGS_value='-lmpi_f90 -lmpi_f77 -pgf90libs -lmyriexpress'
ac_cv_env_build_alias_set=
ac_cv_env_build_alias_value=
ac_cv_env_host_alias_set=
ac_cv_env_host_alias_value=
ac_cv_env_target_alias_set=
ac_cv_env_target_alias_value=
ac_cv_exeext=
ac_cv_fc_compiler_gnu=no
ac_cv_func_malloc_0_nonnull=yes
ac_cv_header_inttypes_h=yes
ac_cv_header_memory_h=yes
ac_cv_header_stdc=yes
ac_cv_header_stdint_h=yes
ac_cv_header_stdlib_h=yes
ac_cv_header_string_h=yes
ac_cv_header_strings_h=yes
ac_cv_header_sys_stat_h=yes
ac_cv_header_sys_types_h=yes
ac_cv_header_unistd_h=yes
ac_cv_objext=o
ac_cv_path_install='/usr/bin/install -c'
ac_cv_prog_AWK=gawk
ac_cv_prog_CC=mpicc
ac_cv_prog_CPP='mpicc -E'
ac_cv_prog_ac_ct_FC=mpif90
ac_cv_prog_ac_ct_RANLIB=ranlib
ac_cv_prog_cc_g=yes
ac_cv_prog_cc_stdc=
ac_cv_prog_egrep='grep -E'
ac_cv_prog_fc_g=yes
ac_cv_prog_make_make_set=yes

## ----------------- ##
## Output variables. ##
## ----------------- ##

ACLOCAL='${SHELL} /home/djchen/NEW/p3dfft-f90/missing --run aclocal-1.9'
AMTAR='${SHELL} /home/djchen/NEW/p3dfft-f90/missing --run tar'
AUTOCONF='${SHELL} /home/djchen/NEW/p3dfft-f90/missing --run autoconf'
AUTOHEADER='${SHELL} /home/djchen/NEW/p3dfft-f90/missing --run autoheader'
AUTOMAKE='${SHELL} /home/djchen/NEW/p3dfft-f90/missing --run automake-1.9'
AWK='gawk'
CC='mpicc'
CFLAGS='-fastsse -tp barcelona-64 -DPGI'
CPP='mpicc -E'
CPPFLAGS=''
CYGPATH_W='echo'
DEFS='-DHAVE_CONFIG_H'
DFLAGS=' -DSINGLE_PREC -DESTIMATE -DFFTW'
ECHO_C=''
ECHO_N='-n'
ECHO_T=''
EGREP='grep -E'
EXEEXT=''
FC='mpif90'
FCFLAGS='-fastsse -tp barcelona-64 -Mextend -byteswapio'
FFTWF='/home/djchen/build/fftw//lib/libfftw3f.a'
FFTW_INC='/home/djchen/build/fftw//include'
FFTW_LIB='/home/djchen/build/fftw//lib'
INSTALL_DATA='${INSTALL} -m 644'
INSTALL_PROGRAM='${INSTALL}'
INSTALL_SCRIPT='${INSTALL}'
INSTALL_STRIP_PROGRAM='${SHELL} $(install_sh) -c -s'
LDFLAGS='-lmpi_f90 -lmpi_f77 -pgf90libs -lmyriexpress'
LIBOBJS=''
LIBS=''
LTLIBOBJS=''
MAKEINFO='${SHELL} /home/djchen/NEW/p3dfft-f90/missing --run makeinfo'
OBJEXT='o'
PACKAGE='p3dfft'
PACKAGE_BUGREPORT='dmitry@sdsc.edu'
PACKAGE_NAME='P3DFFT'
PACKAGE_STRING='P3DFFT 2.3.1'
PACKAGE_TARNAME='p3dfft'
PACKAGE_VERSION='2.3.1'
PATH_SEPARATOR=':'
RANLIB='ranlib'
SET_MAKE=''
SHELL='/bin/sh'
STRIP=''
SUCCESS='Build successful!'
TESTLIBS=''
VERSION='2.3.1'
ac_ct_CC=''
ac_ct_FC='mpif90'
ac_ct_RANLIB='ranlib'
ac_ct_STRIP=''
am__leading_dot='.'
am__tar='${AMTAR} chof - "$$tardir"'
am__untar='${AMTAR} xf -'
bindir='${exec_prefix}/bin'
build_alias=''
datadir='${prefix}/share'
exec_prefix='${prefix}'
host_alias=''
includedir='${prefix}/include'
infodir='${prefix}/info'
install_sh='/home/djchen/NEW/p3dfft-f90/install-sh'
libdir='${exec_prefix}/lib'
libexecdir='${exec_prefix}/libexec'
localstatedir='${prefix}/var'
mandir='${prefix}/man'
mkdir_p='mkdir -p --'
oldincludedir='/usr/include'
prefix='/usr/local'
program_transform_name='s,x,x,'
sbindir='${exec_prefix}/sbin'
sharedstatedir='${prefix}/com'
sysconfdir='${prefix}/etc'
target_alias=''

## ----------- ##
## confdefs.h. ##
## ----------- ##

#define ESTIMATE 1
#define FFTW 1
#define HAVE_INTTYPES_H 1
#define HAVE_MALLOC 1
#define HAVE_MEMORY_H 1
#define HAVE_STDINT_H 1
#define HAVE_STDLIB_H 1
#define HAVE_STDLIB_H 1
#define HAVE_STDLIB_H 1
#define HAVE_STRINGS_H 1
#define HAVE_STRING_H 1
#define HAVE_SYS_STAT_H 1
#define HAVE_SYS_TYPES_H 1
#define HAVE_UNISTD_H 1
#define PACKAGE "p3dfft"
#define PACKAGE_BUGREPORT "dmitry@sdsc.edu"
#define PACKAGE_NAME "P3DFFT"
#define PACKAGE_STRING "P3DFFT 2.3.1"
#define PACKAGE_TARNAME "p3dfft"
#define PACKAGE_VERSION "2.3.1"
#define SINGLE_PREC 1
#define STDC_HEADERS 1
#define VERSION "2.3.1"

configure: exit 0
