This file contains any messages produced by compilers while
running configure, to aid debugging if configure makes a mistake.

It was created by P3DFFT configure 2.3.1, which was
generated by GNU Autoconf 2.59.  Invocation command line was

  $ ./configure --with-fftw3=/opt/pgi/fftw_pgi

## --------- ##
## Platform. ##
## --------- ##

hostname = login-4-0.local
uname -m = x86_64
uname -r = 2.6.18-128.1.10.el5
uname -s = Linux
uname -v = #1 SMP Thu May 7 10:35:59 EDT 2009

/usr/bin/uname -p = unknown
/bin/uname -X     = unknown

/bin/arch              = x86_64
/usr/bin/arch -k       = unknown
/usr/convex/getsysinfo = unknown
hostinfo               = unknown
/bin/machine           = unknown
/usr/bin/oslevel       = unknown
/bin/universe          = unknown

PATH: /opt/pgi/fftw_pgi/bin
PATH: /opt/openmpi_pgimx/bin
PATH: /opt/pgi/linux86-64/8.0/bin
PATH: /usr/kerberos/bin
PATH: /usr/java/latest/bin
PATH: /usr/local/bin
PATH: /bin
PATH: /usr/bin
PATH: /opt/ganglia/bin
PATH: /opt/ganglia/sbin
PATH: /opt/gold/bin
PATH: /opt/gold/sbin
PATH: .
PATH: /opt/openmpi/bin/
PATH: /opt/torque/bin
PATH: opt/torque/sbin
PATH: /opt/moab/bin
PATH: /opt/moab/sbin
PATH: /opt/rocks/bin
PATH: /opt/rocks/sbin
PATH: /home/d4park/bin


## ----------- ##
## Core tests. ##
## ----------- ##

configure:1390: checking for a BSD-compatible install
configure:1445: result: /usr/bin/install -c
configure:1456: checking whether build environment is sane
configure:1499: result: yes
configure:1564: checking for gawk
configure:1580: found /bin/gawk
configure:1590: result: gawk
configure:1600: checking whether make sets $(MAKE)
configure:1620: result: yes
configure:1793: checking whether to enable single precision
configure:1802: result: no
configure:1810: checking whether to enable 1D decomposition
configure:1819: result: no
configure:1828: checking whether to use ESSL library
configure:1837: result: no
configure:1845: checking whether to enable estimation
configure:1854: result: no
configure:1862: checking whether to enable the emasure algorithm
configure:1871: result: no
configure:1879: checking whehter to enable the patient algorithm
configure:1888: result: no
configure:1896: checking whether to enable C convention for processor dimensions
configure:1905: result: no
configure:1913: checking whether to reverse processor dimensions
configure:1922: result: yes
configure:1930: checking whether to use MPI_Alltoall instead of MPI_Alltotallv
configure:1939: result: no
configure:1947: checking whether to enable stride-1 data structures
configure:1956: result: no
configure:2035: checking for f95
configure:2051: found /usr/bin/f95
configure:2061: result: f95
configure:2076: checking for Fortran compiler version
configure:2079: f95 --version </dev/null >&5
GNU Fortran (GCC) 4.1.2 20080704 (Red Hat 4.1.2-44)
Copyright (C) 2007 Free Software Foundation, Inc.

GNU Fortran comes with NO WARRANTY, to the extent permitted by law.
You may redistribute copies of GNU Fortran
under the terms of the GNU General Public License.
For more information about these matters, see the file named COPYING

configure:2082: $? = 0
configure:2084: f95 -v </dev/null >&5
Using built-in specs.
Target: x86_64-redhat-linux
Configured with: ../configure --prefix=/usr --mandir=/usr/share/man --infodir=/usr/share/info --enable-shared --enable-threads=posix --enable-checking=release --with-system-zlib --enable-__cxa_atexit --disable-libunwind-exceptions --enable-libgcj-multifile --enable-languages=c,c++,objc,obj-c++,java,fortran,ada --enable-java-awt=gtk --disable-dssi --enable-plugin --with-java-home=/usr/lib/jvm/java-1.4.2-gcj-1.4.2.0/jre --with-cpu=generic --host=x86_64-redhat-linux
Thread model: posix
gcc version 4.1.2 20080704 (Red Hat 4.1.2-44)
configure:2087: $? = 0
configure:2089: f95 -V </dev/null >&5
f95: '-V' option must have argument
configure:2092: $? = 1
configure:2106: checking for Fortran compiler default output file name
configure:2109: f95    conftest.f  >&5
configure:2112: $? = 0
configure:2158: result: a.out
configure:2163: checking whether the Fortran compiler works
configure:2169: ./a.out
configure:2172: $? = 0
configure:2189: result: yes
configure:2196: checking whether we are cross compiling
configure:2198: result: no
configure:2201: checking for suffix of executables
configure:2203: f95 -o conftest    conftest.f  >&5
configure:2206: $? = 0
configure:2231: result: 
configure:2237: checking for suffix of object files
configure:2248: f95 -c   conftest.f >&5
configure:2251: $? = 0
configure:2273: result: o
configure:2281: checking whether we are using the GNU Fortran compiler
configure:2295: f95 -c   conftest.F >&5
configure:2301: $? = 0
configure:2305: test -z 
			 || test ! -s conftest.err
configure:2308: $? = 0
configure:2311: test -s conftest.o
configure:2314: $? = 0
configure:2327: result: yes
configure:2333: checking whether f95 accepts -g
configure:2345: f95 -c -g  conftest.f >&5
configure:2351: $? = 0
configure:2355: test -z 
			 || test ! -s conftest.err
configure:2358: $? = 0
configure:2361: test -s conftest.o
configure:2364: $? = 0
configure:2376: result: yes
configure:2441: checking for ranlib
configure:2457: found /usr/bin/ranlib
configure:2468: result: ranlib
configure:2493: checking for a BSD-compatible install
configure:2548: result: /usr/bin/install -c
configure:2559: checking whether make sets $(MAKE)
configure:2579: result: yes
configure:2638: checking for gcc
configure:2654: found /usr/bin/gcc
configure:2664: result: gcc
configure:2908: checking for C compiler version
configure:2911: gcc --version </dev/null >&5
gcc (GCC) 4.1.2 20080704 (Red Hat 4.1.2-44)
Copyright (C) 2006 Free Software Foundation, Inc.
This is free software; see the source for copying conditions.  There is NO
warranty; not even for MERCHANTABILITY or FITNESS FOR A PARTICULAR PURPOSE.

configure:2914: $? = 0
configure:2916: gcc -v </dev/null >&5
Using built-in specs.
Target: x86_64-redhat-linux
Configured with: ../configure --prefix=/usr --mandir=/usr/share/man --infodir=/usr/share/info --enable-shared --enable-threads=posix --enable-checking=release --with-system-zlib --enable-__cxa_atexit --disable-libunwind-exceptions --enable-libgcj-multifile --enable-languages=c,c++,objc,obj-c++,java,fortran,ada --enable-java-awt=gtk --disable-dssi --enable-plugin --with-java-home=/usr/lib/jvm/java-1.4.2-gcj-1.4.2.0/jre --with-cpu=generic --host=x86_64-redhat-linux
Thread model: posix
gcc version 4.1.2 20080704 (Red Hat 4.1.2-44)
configure:2919: $? = 0
configure:2921: gcc -V </dev/null >&5
gcc: '-V' option must have argument
configure:2924: $? = 1
configure:2927: checking whether we are using the GNU C compiler
configure:2951: gcc -c   conftest.c >&5
configure:2957: $? = 0
configure:2961: test -z 
			 || test ! -s conftest.err
configure:2964: $? = 0
configure:2967: test -s conftest.o
configure:2970: $? = 0
configure:2983: result: yes
configure:2989: checking whether gcc accepts -g
configure:3010: gcc -c -g  conftest.c >&5
configure:3016: $? = 0
configure:3020: test -z 
			 || test ! -s conftest.err
configure:3023: $? = 0
configure:3026: test -s conftest.o
configure:3029: $? = 0
configure:3040: result: yes
configure:3057: checking for gcc option to accept ANSI C
configure:3127: gcc  -c -g -O2  conftest.c >&5
configure:3133: $? = 0
configure:3137: test -z 
			 || test ! -s conftest.err
configure:3140: $? = 0
configure:3143: test -s conftest.o
configure:3146: $? = 0
configure:3164: result: none needed
configure:3182: gcc -c -g -O2  conftest.c >&5
conftest.c:2: error: expected '=', ',', ';', 'asm' or '__attribute__' before 'me'
configure:3188: $? = 1
configure: failed program was:
| #ifndef __cplusplus
|   choke me
| #endif
configure:3327: checking how to run the C preprocessor
configure:3362: gcc -E  conftest.c
configure:3368: $? = 0
configure:3400: gcc -E  conftest.c
conftest.c:11:28: error: ac_nonexistent.h: No such file or directory
configure:3406: $? = 1
configure: failed program was:
| /* confdefs.h.  */
| 
| #define PACKAGE_NAME "P3DFFT"
| #define PACKAGE_TARNAME "p3dfft"
| #define PACKAGE_VERSION "2.3.1"
| #define PACKAGE_STRING "P3DFFT 2.3.1"
| #define PACKAGE_BUGREPORT "dmitry@sdsc.edu"
| #define PACKAGE "p3dfft"
| #define VERSION "2.3.1"
| /* end confdefs.h.  */
| #include <ac_nonexistent.h>
configure:3445: result: gcc -E
configure:3469: gcc -E  conftest.c
configure:3475: $? = 0
configure:3507: gcc -E  conftest.c
conftest.c:11:28: error: ac_nonexistent.h: No such file or directory
configure:3513: $? = 1
configure: failed program was:
| /* confdefs.h.  */
| 
| #define PACKAGE_NAME "P3DFFT"
| #define PACKAGE_TARNAME "p3dfft"
| #define PACKAGE_VERSION "2.3.1"
| #define PACKAGE_STRING "P3DFFT 2.3.1"
| #define PACKAGE_BUGREPORT "dmitry@sdsc.edu"
| #define PACKAGE "p3dfft"
| #define VERSION "2.3.1"
| /* end confdefs.h.  */
| #include <ac_nonexistent.h>
configure:3557: checking for egrep
configure:3567: result: grep -E
configure:3572: checking for ANSI C header files
configure:3597: gcc -c -g -O2  conftest.c >&5
configure:3603: $? = 0
configure:3607: test -z 
			 || test ! -s conftest.err
configure:3610: $? = 0
configure:3613: test -s conftest.o
configure:3616: $? = 0
configure:3705: gcc -o conftest -g -O2   conftest.c  >&5
conftest.c: In function 'main':
conftest.c:28: warning: incompatible implicit declaration of built-in function 'exit'
configure:3708: $? = 0
configure:3710: ./conftest
configure:3713: $? = 0
configure:3728: result: yes
configure:3752: checking for sys/types.h
configure:3768: gcc -c -g -O2  conftest.c >&5
configure:3774: $? = 0
configure:3778: test -z 
			 || test ! -s conftest.err
configure:3781: $? = 0
configure:3784: test -s conftest.o
configure:3787: $? = 0
configure:3798: result: yes
configure:3752: checking for sys/stat.h
configure:3768: gcc -c -g -O2  conftest.c >&5
configure:3774: $? = 0
configure:3778: test -z 
			 || test ! -s conftest.err
configure:3781: $? = 0
configure:3784: test -s conftest.o
configure:3787: $? = 0
configure:3798: result: yes
configure:3752: checking for stdlib.h
configure:3768: gcc -c -g -O2  conftest.c >&5
configure:3774: $? = 0
configure:3778: test -z 
			 || test ! -s conftest.err
configure:3781: $? = 0
configure:3784: test -s conftest.o
configure:3787: $? = 0
configure:3798: result: yes
configure:3752: checking for string.h
configure:3768: gcc -c -g -O2  conftest.c >&5
configure:3774: $? = 0
configure:3778: test -z 
			 || test ! -s conftest.err
configure:3781: $? = 0
configure:3784: test -s conftest.o
configure:3787: $? = 0
configure:3798: result: yes
configure:3752: checking for memory.h
configure:3768: gcc -c -g -O2  conftest.c >&5
configure:3774: $? = 0
configure:3778: test -z 
			 || test ! -s conftest.err
configure:3781: $? = 0
configure:3784: test -s conftest.o
configure:3787: $? = 0
configure:3798: result: yes
configure:3752: checking for strings.h
configure:3768: gcc -c -g -O2  conftest.c >&5
configure:3774: $? = 0
configure:3778: test -z 
			 || test ! -s conftest.err
configure:3781: $? = 0
configure:3784: test -s conftest.o
configure:3787: $? = 0
configure:3798: result: yes
configure:3752: checking for inttypes.h
configure:3768: gcc -c -g -O2  conftest.c >&5
configure:3774: $? = 0
configure:3778: test -z 
			 || test ! -s conftest.err
configure:3781: $? = 0
configure:3784: test -s conftest.o
configure:3787: $? = 0
configure:3798: result: yes
configure:3752: checking for stdint.h
configure:3768: gcc -c -g -O2  conftest.c >&5
configure:3774: $? = 0
configure:3778: test -z 
			 || test ! -s conftest.err
configure:3781: $? = 0
configure:3784: test -s conftest.o
configure:3787: $? = 0
configure:3798: result: yes
configure:3752: checking for unistd.h
configure:3768: gcc -c -g -O2  conftest.c >&5
configure:3774: $? = 0
configure:3778: test -z 
			 || test ! -s conftest.err
configure:3781: $? = 0
configure:3784: test -s conftest.o
configure:3787: $? = 0
configure:3798: result: yes
configure:3815: checking for stdlib.h
configure:3820: result: yes
configure:3969: checking for stdlib.h
configure:3974: result: yes
configure:4114: checking for GNU libc compatible malloc
configure:4143: gcc -o conftest -g -O2   conftest.c  >&5
configure:4146: $? = 0
configure:4148: ./conftest
configure:4151: $? = 0
configure:4165: result: yes
configure:4296: creating ./config.status

## ---------------------- ##
## Running config.status. ##
## ---------------------- ##

This file was extended by P3DFFT config.status 2.3.1, which was
generated by GNU Autoconf 2.59.  Invocation command line was

  CONFIG_FILES    = 
  CONFIG_HEADERS  = 
  CONFIG_LINKS    = 
  CONFIG_COMMANDS = 
  $ ./config.status 

on login-4-0.local

config.status:681: creating Makefile
config.status:681: creating build/Makefile
config.status:681: creating sample/Makefile
config.status:681: creating sample/C/Makefile
config.status:681: creating sample/FORTRAN/Makefile
config.status:785: creating config.h
config.status:895: config.h is unchanged

## ---------------- ##
## Cache variables. ##
## ---------------- ##

ac_cv_c_compiler_gnu=yes
ac_cv_env_CC_set=
ac_cv_env_CC_value=
ac_cv_env_CFLAGS_set=
ac_cv_env_CFLAGS_value=
ac_cv_env_CPPFLAGS_set=
ac_cv_env_CPPFLAGS_value=
ac_cv_env_CPP_set=
ac_cv_env_CPP_value=
ac_cv_env_FCFLAGS_set=
ac_cv_env_FCFLAGS_value=
ac_cv_env_FC_set=
ac_cv_env_FC_value=
ac_cv_env_LDFLAGS_set=
ac_cv_env_LDFLAGS_value=
ac_cv_env_build_alias_set=
ac_cv_env_build_alias_value=
ac_cv_env_host_alias_set=
ac_cv_env_host_alias_value=
ac_cv_env_target_alias_set=
ac_cv_env_target_alias_value=
ac_cv_exeext=
ac_cv_fc_compiler_gnu=yes
ac_cv_func_malloc_0_nonnull=yes
ac_cv_header_inttypes_h=yes
ac_cv_header_memory_h=yes
ac_cv_header_stdc=yes
ac_cv_header_stdint_h=yes
ac_cv_header_stdlib_h=yes
ac_cv_header_string_h=yes
ac_cv_header_strings_h=yes
ac_cv_header_sys_stat_h=yes
ac_cv_header_sys_types_h=yes
ac_cv_header_unistd_h=yes
ac_cv_objext=o
ac_cv_path_install='/usr/bin/install -c'
ac_cv_prog_AWK=gawk
ac_cv_prog_CPP='gcc -E'
ac_cv_prog_ac_ct_CC=gcc
ac_cv_prog_ac_ct_FC=f95
ac_cv_prog_ac_ct_RANLIB=ranlib
ac_cv_prog_cc_g=yes
ac_cv_prog_cc_stdc=
ac_cv_prog_egrep='grep -E'
ac_cv_prog_fc_g=yes
ac_cv_prog_make_make_set=yes

## ----------------- ##
## Output variables. ##
## ----------------- ##

ACLOCAL='${SHELL} /home/d4park/auto/p/p3dfft/missing --run aclocal-1.9'
AMTAR='${SHELL} /home/d4park/auto/p/p3dfft/missing --run tar'
AUTOCONF='${SHELL} /home/d4park/auto/p/p3dfft/missing --run autoconf'
AUTOHEADER='${SHELL} /home/d4park/auto/p/p3dfft/missing --run autoheader'
AUTOMAKE='${SHELL} /home/d4park/auto/p/p3dfft/missing --run automake-1.9'
AWK='gawk'
CC='gcc'
CFLAGS='-g -O2'
CPP='gcc -E'
CPPFLAGS=''
CYGPATH_W='echo'
DEFS='-DHAVE_CONFIG_H'
DFLAGS=' -DREVERSE_DIMS -DFFTW'
ECHO_C=''
ECHO_N='-n'
ECHO_T=''
EGREP='grep -E'
EXEEXT=''
FC='f95'
FCFLAGS='-g -O2'
FFTW3_INC='/opt/pgi/fftw_pgi/include'
FFTW3_LIB='/opt/pgi/fftw_pgi/lib'
INSTALL_DATA='${INSTALL} -m 644'
INSTALL_PROGRAM='${INSTALL}'
INSTALL_SCRIPT='${INSTALL}'
INSTALL_STRIP_PROGRAM='${SHELL} $(install_sh) -c -s'
LDFLAGS=''
LIBOBJS=''
LIBS=''
LTLIBOBJS=''
MAKEINFO='${SHELL} /home/d4park/auto/p/p3dfft/missing --run makeinfo'
OBJEXT='o'
PACKAGE='p3dfft'
PACKAGE_BUGREPORT='dmitry@sdsc.edu'
PACKAGE_NAME='P3DFFT'
PACKAGE_STRING='P3DFFT 2.3.1'
PACKAGE_TARNAME='p3dfft'
PACKAGE_VERSION='2.3.1'
PATH_SEPARATOR=':'
RANLIB='ranlib'
SET_MAKE=''
SHELL='/bin/sh'
STRIP=''
TESTLIBS=''
VERSION='2.3.1'
ac_ct_CC='gcc'
ac_ct_FC='f95'
ac_ct_RANLIB='ranlib'
ac_ct_STRIP=''
am__leading_dot='.'
am__tar='${AMTAR} chof - "$$tardir"'
am__untar='${AMTAR} xf -'
bindir='${exec_prefix}/bin'
build_alias=''
datadir='${prefix}/share'
exec_prefix='${prefix}'
host_alias=''
includedir='${prefix}/include'
infodir='${prefix}/info'
install_sh='/home/d4park/auto/p/p3dfft/install-sh'
libdir='${exec_prefix}/lib'
libexecdir='${exec_prefix}/libexec'
localstatedir='${prefix}/var'
mandir='${prefix}/man'
mkdir_p='mkdir -p --'
oldincludedir='/usr/include'
prefix='/usr/local'
program_transform_name='s,x,x,'
sbindir='${exec_prefix}/sbin'
sharedstatedir='${prefix}/com'
sysconfdir='${prefix}/etc'
target_alias=''

## ----------- ##
## confdefs.h. ##
## ----------- ##

#define HAVE_INTTYPES_H 1
#define HAVE_MALLOC 1
#define HAVE_MEMORY_H 1
#define HAVE_STDINT_H 1
#define HAVE_STDLIB_H 1
#define HAVE_STDLIB_H 1
#define HAVE_STDLIB_H 1
#define HAVE_STRINGS_H 1
#define HAVE_STRING_H 1
#define HAVE_SYS_STAT_H 1
#define HAVE_SYS_TYPES_H 1
#define HAVE_UNISTD_H 1
#define PACKAGE "p3dfft"
#define PACKAGE_BUGREPORT "dmitry@sdsc.edu"
#define PACKAGE_NAME "P3DFFT"
#define PACKAGE_STRING "P3DFFT 2.3.1"
#define PACKAGE_TARNAME "p3dfft"
#define PACKAGE_VERSION "2.3.1"
#define STDC_HEADERS 1
#define VERSION "2.3.1"

configure: exit 0
